<?xml version="1.0" encoding="UTF-8"?>
<!-- Generated by org.testng.reporters.JUnitReportReporter -->
<testsuite skipped="0" hostname="DESKTOP-1F7BV7C" name="com.CalculetteTest" tests="4" failures="0" timestamp="2020-07-17T22:38:38 CEST" time="0.021" errors="0">
  <testcase name="add" time="0.016" classname="com.CalculetteTest"/>
  <system-out/>
  <testcase name="division" time="0.002" classname="com.CalculetteTest"/>
  <system-out/>
  <testcase name="produit" time="0.001" classname="com.CalculetteTest"/>
  <system-out/>
  <testcase name="soustraire" time="0.002" classname="com.CalculetteTest"/>
  <system-out/>
</testsuite> <!-- com.CalculetteTest -->
